
sre@cpp:~$ mkdir square
sre@cpp:~$ cd square
sre@cpp:~/square$ vi square.h
sre@cpp:~/square$ vi square.cpp 
sre@cpp:~/square$ vi test_square.cpp

sre@cpp:~/square$ g++ -std=c++17 test_square.cpp square.cpp -lgtest -lgtest_main -pthread -o test_square
./test_square
[==========] Running 2 tests from 1 test suite.
[----------] Global test environment set-up.
[----------] 2 tests from SquareTest
[ RUN      ] SquareTest.PositiveNumbers
[       OK ] SquareTest.PositiveNumbers (0 ms)
[ RUN      ] SquareTest.NegativeNumbers
[       OK ] SquareTest.NegativeNumbers (0 ms)
[----------] 2 tests from SquareTest (0 ms total)

[----------] Global test environment tear-down
[==========] 2 tests from 1 test suite ran. (0 ms total)
[  PASSED  ] 2 tests.

sre@cpp:~/square$ ls -l
total 536
-rw-rw-r-- 1 sre sre    977 Oct  5 04:08 results_1.log
-rw-rw-r-- 1 sre sre     56 Oct  5 04:08 square.cpp
-rw-rw-r-- 1 sre sre     32 Oct  5 04:07 square.h
-rwxrwxr-x 1 sre sre 536152 Oct  5 04:08 test_square
-rw-rw-r-- 1 sre sre    603 Oct  5 04:08 test_square.cpp

