
sre@cpp:~$ mkdir square
sre@cpp:~$ cd square
sre@cpp:~/square$ vi square.h
sre@cpp:~/square$ vi square.cpp
sre@cpp:~/square$ vi test_square.cpp
sre@cpp:~/square$ vi CMakeLists.txt 
sre@cpp:~/square$ mkdir build
sre@cpp:~/square$ cd build/
sre@cpp:~/square/build$ 

sre@cpp:~/square/build$ cmake ..
-- The C compiler identification is GNU 13.3.0
-- The CXX compiler identification is GNU 13.3.0
-- Detecting C compiler ABI info
-- Detecting C compiler ABI info - done
-- Check for working C compiler: /usr/bin/cc - skipped
-- Detecting C compile features
-- Detecting C compile features - done
-- Detecting CXX compiler ABI info
-- Detecting CXX compiler ABI info - done
-- Check for working CXX compiler: /usr/bin/c++ - skipped
-- Detecting CXX compile features
-- Detecting CXX compile features - done
-- Found GTest: /usr/lib/aarch64-linux-gnu/cmake/GTest/GTestConfig.cmake (found version "1.14.0")  
-- Configuring done (0.2s)
-- Generating done (0.0s)
-- Build files have been written to: /home/sre/square/build
sre@cpp:~/square/build$ make
[ 25%] Building CXX object CMakeFiles/square.dir/square.cpp.o
[ 50%] Linking CXX static library libsquare.a
[ 50%] Built target square
[ 75%] Building CXX object CMakeFiles/test_square.dir/test_square.cpp.o
[100%] Linking CXX executable test_square
[100%] Built target test_square

sre@cpp:~/square/build$ ls -l 
total 556
-rw-rw-r-- 1 sre sre  14399 Oct  5 04:11 CMakeCache.txt
drwxrwxr-x 7 sre sre   4096 Oct  5 04:11 CMakeFiles
-rw-rw-r-- 1 sre sre   1608 Oct  5 04:11 cmake_install.cmake
-rw-rw-r-- 1 sre sre   1444 Oct  5 04:11 libsquare.a
-rw-rw-r-- 1 sre sre   6406 Oct  5 04:11 Makefile
-rwxrwxr-x 1 sre sre 536152 Oct  5 04:11 test_square
sre@cpp:~/square/build$ ls -l ..
total 548
drwxrwxr-x 3 sre sre   4096 Oct  5 04:11 build
-rw-rw-r-- 1 sre sre    414 Oct  5 04:14 CMakeLists.txt
-rw-rw-r-- 1 sre sre   1050 Oct  5 04:14 results_1.log
-rw-rw-r-- 1 sre sre   1328 Oct  5 04:16 results_2.log
-rw-rw-r-- 1 sre sre     56 Oct  5 04:13 square.cpp
-rw-rw-r-- 1 sre sre     32 Oct  5 04:13 square.h
-rwxrwxr-x 1 sre sre 536152 Oct  5 04:08 test_square
-rw-rw-r-- 1 sre sre    603 Oct  5 04:13 test_square.cpp
sre@cpp:~/square/build$ 

